<?xml version="1.0" encoding="UTF-8"?>
<!-- Generated by org.testng.reporters.JUnitXMLReporter -->
<testsuite ignored="0" hostname="Neeshu-SB" failures="0" tests="4" name="Default test" time="12.84" errors="0" timestamp="2022-04-21T12:07:50 PDT">
  <testcase classname="testCases.TC03_PutRequest" name="CreateJobs" time="6.029"/>
  <testcase classname="testCases.TC03_PutRequest" name="CreateJobs" time="1.489"/>
  <testcase classname="testCases.TC03_PutRequest" name="CreateJobs" time="1.254"/>
  <testcase classname="testCases.TC03_PutRequest" name="CreateJobs" time="1.284"/>
</testsuite> <!-- Default test -->
