<?xml version="1.0" encoding="UTF-8"?>
<!-- Generated by org.testng.reporters.JUnitXMLReporter -->
<testsuite ignored="0" hostname="Neeshu-SB" failures="0" tests="4" name="test1" time="3.913" errors="0" timestamp="2022-04-18T18:21:12 PDT">
  <testcase classname="com.jobsapi.testcases.TC01_GetRequest" name="GetAllJobs" time="2.976"/>
  <testcase classname="com.jobsapi.testcases.TC01_GetRequest" name="CheckResponseBody" time="0.119"/>
  <testcase classname="com.jobsapi.testcases.TC01_GetRequest" name="CheckStatusCode" time="0.007"/>
  <testcase classname="com.jobsapi.testcases.TC01_GetRequest" name="ValidateJsonSchema" time="0.727"/>
</testsuite> <!-- test1 -->
