<?xml version="1.0" encoding="UTF-8"?>
<testng-results ignored="0" total="4" passed="4" failed="0" skipped="0">
  <reporter-output>
  </reporter-output>
  <suite started-at="2022-04-21T12:07:37 PDT" name="Default suite" finished-at="2022-04-21T12:07:50 PDT" duration-ms="12840">
    <groups>
    </groups>
    <test started-at="2022-04-21T12:07:37 PDT" name="Default test" finished-at="2022-04-21T12:07:50 PDT" duration-ms="12840">
      <class name="testCases.TC03_PutRequest">
        <test-method signature="CreateJobs(java.lang.String,java.lang.String,java.lang.String,java.lang.String,java.lang.String)[pri:0, instance:testCases.TC03_PutRequest@3514a4c0]" started-at="2022-04-21T12:07:40 PDT" name="CreateJobs" data-provider="jobDataProvider" finished-at="2022-04-21T12:07:46 PDT" duration-ms="6029" status="PASS">
          <params>
            <param index="0">
              <value>
                <![CDATA[8000]]>
              </value>
            </param>
            <param index="1">
              <value>
                <![CDATA[SDET]]>
              </value>
            </param>
            <param index="2">
              <value>
                <![CDATA[Tech Infosystems]]>
              </value>
            </param>
            <param index="3">
              <value>
                <![CDATA[NY]]>
              </value>
            </param>
            <param index="4">
              <value>
                <![CDATA[Automation]]>
              </value>
            </param>
          </params>
          <reporter-output>
          </reporter-output>
        </test-method> <!-- CreateJobs -->
        <test-method signature="CreateJobs(java.lang.String,java.lang.String,java.lang.String,java.lang.String,java.lang.String)[pri:0, instance:testCases.TC03_PutRequest@3514a4c0]" started-at="2022-04-21T12:07:46 PDT" name="CreateJobs" data-provider="jobDataProvider" finished-at="2022-04-21T12:07:47 PDT" duration-ms="1489" status="PASS">
          <params>
            <param index="0">
              <value>
                <![CDATA[8023]]>
              </value>
            </param>
            <param index="1">
              <value>
                <![CDATA[QA]]>
              </value>
            </param>
            <param index="2">
              <value>
                <![CDATA[Planet Infosystems]]>
              </value>
            </param>
            <param index="3">
              <value>
                <![CDATA[WA]]>
              </value>
            </param>
            <param index="4">
              <value>
                <![CDATA[Contract]]>
              </value>
            </param>
          </params>
          <reporter-output>
          </reporter-output>
        </test-method> <!-- CreateJobs -->
        <test-method signature="CreateJobs(java.lang.String,java.lang.String,java.lang.String,java.lang.String,java.lang.String)[pri:0, instance:testCases.TC03_PutRequest@3514a4c0]" started-at="2022-04-21T12:07:47 PDT" name="CreateJobs" data-provider="jobDataProvider" finished-at="2022-04-21T12:07:49 PDT" duration-ms="1254" status="PASS">
          <params>
            <param index="0">
              <value>
                <![CDATA[8033]]>
              </value>
            </param>
            <param index="1">
              <value>
                <![CDATA[Java Developer]]>
              </value>
            </param>
            <param index="2">
              <value>
                <![CDATA[Novateur Technologies Inc.]]>
              </value>
            </param>
            <param index="3">
              <value>
                <![CDATA[NJ]]>
              </value>
            </param>
            <param index="4">
              <value>
                <![CDATA[Full Time]]>
              </value>
            </param>
          </params>
          <reporter-output>
          </reporter-output>
        </test-method> <!-- CreateJobs -->
        <test-method signature="CreateJobs(java.lang.String,java.lang.String,java.lang.String,java.lang.String,java.lang.String)[pri:0, instance:testCases.TC03_PutRequest@3514a4c0]" started-at="2022-04-21T12:07:49 PDT" name="CreateJobs" data-provider="jobDataProvider" finished-at="2022-04-21T12:07:50 PDT" duration-ms="1284" status="PASS">
          <params>
            <param index="0">
              <value>
                <![CDATA[8022]]>
              </value>
            </param>
            <param index="1">
              <value>
                <![CDATA[SDET]]>
              </value>
            </param>
            <param index="2">
              <value>
                <![CDATA[Bourntec Solutions, Inc.]]>
              </value>
            </param>
            <param index="3">
              <value>
                <![CDATA[PA]]>
              </value>
            </param>
            <param index="4">
              <value>
                <![CDATA[Contract]]>
              </value>
            </param>
          </params>
          <reporter-output>
          </reporter-output>
        </test-method> <!-- CreateJobs -->
      </class> <!-- testCases.TC03_PutRequest -->
    </test> <!-- Default test -->
  </suite> <!-- Default suite -->
</testng-results>
